Arguments: 
  /Users/mugurel.chirica/.nvm/versions/node/v8.11.4/bin/node /usr/local/Cellar/yarn/1.15.2/libexec/bin/yarn.js init -Y

PATH: 
  /Users/mugurel.chirica/.nvm/versions/node/v8.11.4/bin:/Users/mugurel.chirica/bin:/usr/local/opt/imagemagick@6/bin:/Users/mugurel.chirica/.rbenv/shims:/Users/mugurel.chirica/.rbenv/shims:/bin:/usr/local/opt/coreutils/libexec/gnubin/:/usr/local/sbin:/usr/local/bin:/usr/sbin:/usr/bin:/sbin:/bin:/usr/games:/usr/local/games:/usr/local/sbin:/usr/local/bin:/usr/sbin:/usr/bin:/sbin:/bin:/usr/games:/usr/local/games:/usr/local/bin:/usr/bin:/bin:/usr/sbin:/sbin:/opt/X11/bin:/Library/Frameworks/Mono.framework/Versions/Current/Commands

Yarn version: 
  1.15.2

Node version: 
  8.11.4

Platform: 
  darwin x64

Trace: 
  Error: canceled
      at Interface.<anonymous> (/usr/local/Cellar/yarn/1.15.2/libexec/lib/cli.js:125801:13)
      at emitNone (events.js:106:13)
      at Interface.emit (events.js:208:7)
      at Interface._ttyWrite (readline.js:774:16)
      at ReadStream.onkeypress (readline.js:158:10)
      at emitTwo (events.js:126:13)
      at ReadStream.emit (events.js:214:7)
      at emitKeys (internal/readline.js:420:14)
      at emitKeys.next (<anonymous>)
      at ReadStream.onData (readline.js:1010:36)

npm manifest: 
  No manifest

yarn manifest: 
  No manifest

Lockfile: 
  No lockfile
