0 info it worked if it ends with ok
1 verbose cli [ '/home/bud/.nvm/versions/node/v0.12.18/bin/node',
1 verbose cli   '/home/bud/.nvm/versions/node/v0.12.18/bin/npm',
1 verbose cli   'start' ]
2 info using npm@2.15.11
3 info using node@v0.12.18
4 verbose run-script [ 'prestart', 'start', 'poststart' ]
5 info prestart simple_web_server@0.1.0
6 info start simple_web_server@0.1.0
7 verbose unsafe-perm in lifecycle true
8 info simple_web_server@0.1.0 Failed to exec start script
9 verbose stack Error: simple_web_server@0.1.0 start: `node server.js`
9 verbose stack Exit status 1
9 verbose stack     at EventEmitter.<anonymous> (/home/bud/.nvm/versions/node/v0.12.18/lib/node_modules/npm/lib/utils/lifecycle.js:217:16)
9 verbose stack     at EventEmitter.emit (events.js:110:17)
9 verbose stack     at ChildProcess.<anonymous> (/home/bud/.nvm/versions/node/v0.12.18/lib/node_modules/npm/lib/utils/spawn.js:24:14)
9 verbose stack     at ChildProcess.emit (events.js:110:17)
9 verbose stack     at maybeClose (child_process.js:1019:16)
9 verbose stack     at Process.ChildProcess._handle.onexit (child_process.js:1091:5)
10 verbose pkgid simple_web_server@0.1.0
11 verbose cwd /home/bud/projects/js_sandbox/node/simple_web_server
12 error Linux 4.4.0-96-generic
13 error argv "/home/bud/.nvm/versions/node/v0.12.18/bin/node" "/home/bud/.nvm/versions/node/v0.12.18/bin/npm" "start"
14 error node v0.12.18
15 error npm  v2.15.11
16 error code ELIFECYCLE
17 error simple_web_server@0.1.0 start: `node server.js`
17 error Exit status 1
18 error Failed at the simple_web_server@0.1.0 start script 'node server.js'.
18 error This is most likely a problem with the simple_web_server package,
18 error not with npm itself.
18 error Tell the author that this fails on your system:
18 error     node server.js
18 error You can get information on how to open an issue for this project with:
18 error     npm bugs simple_web_server
18 error Or if that isn't available, you can get their info via:
18 error
18 error     npm owner ls simple_web_server
18 error There is likely additional logging output above.
19 verbose exit [ 1, true ]
